# JRE version: OpenJDK Runtime Environment (11.0.10) (build 11.0.10+0-b96-7249189)
# Java VM: OpenJDK 64-Bit Server VM (11.0.10+0-b96-7249189, mixed mode, tiered, compressed oops, g1 gc, windows-amd64)
Heap:
 garbage-first heap   total 444416K, used 129671K [0x0000000080000000, 0x0000000100000000)
  region size 1024K, 2 young (2048K), 2 survivors (2048K)
 Metaspace       used 132725K, capacity 137375K, committed 137712K, reserved 1169408K
  class space    used 16124K, capacity 17785K, committed 17868K, reserved 1048576K
GC Heap History (20 events):
Event: 6831.362 GC heap after
{Heap after GC invocations=124 (full 0):
 garbage-first heap   total 256000K, used 148255K [0x0000000080000000, 0x0000000100000000)
  region size 1024K, 2 young (2048K), 2 survivors (2048K)
 Metaspace       used 131703K, capacity 136151K, committed 136688K, reserved 1169408K
  class space    used 15963K, capacity 17521K, committed 17868K, reserved 1048576K
}
Event: 6831.375 GC heap before
{Heap before GC invocations=124 (full 0):
 garbage-first heap   total 256000K, used 155423K [0x0000000080000000, 0x0000000100000000)
  region size 1024K, 10 young (10240K), 2 survivors (2048K)
 Metaspace       used 131703K, capacity 136151K, committed 136688K, reserved 1169408K
  class space    used 15963K, capacity 17521K, committed 17868K, reserved 1048576K
}
Event: 6831.382 GC heap after
{Heap after GC invocations=125 (full 0):
 garbage-first heap   total 256000K, used 149482K [0x0000000080000000, 0x0000000100000000)
  region size 1024K, 3 young (3072K), 3 survivors (3072K)
 Metaspace       used 131703K, capacity 136151K, committed 136688K, reserved 1169408K
  class space    used 15963K, capacity 17521K, committed 17868K, reserved 1048576K
}
Event: 6832.085 GC heap before
{Heap before GC invocations=126 (full 0):
 garbage-first heap   total 256000K, used 211946K [0x0000000080000000, 0x0000000100000000)
  region size 1024K, 58 young (59392K), 3 survivors (3072K)
 Metaspace       used 131833K, capacity 136308K, committed 136944K, reserved 1169408K
  class space    used 15963K, capacity 17521K, committed 17868K, reserved 1048576K
}
Event: 6832.090 GC heap after
{Heap after GC invocations=127 (full 0):
 garbage-first heap   total 256000K, used 155279K [0x0000000080000000, 0x0000000100000000)
  region size 1024K, 7 young (7168K), 7 survivors (7168K)
 Metaspace       used 131833K, capacity 136308K, committed 136944K, reserved 1169408K
  class space    used 15963K, capacity 17521K, committed 17868K, reserved 1048576K
}
Event: 6832.098 GC heap before
{Heap before GC invocations=127 (full 0):
 garbage-first heap   total 256000K, used 159375K [0x0000000080000000, 0x0000000100000000)
  region size 1024K, 12 young (12288K), 7 survivors (7168K)
 Metaspace       used 131835K, capacity 136308K, committed 136944K, reserved 1169408K
  class space    used 15963K, capacity 17521K, committed 17868K, reserved 1048576K
}
Event: 6832.103 GC heap after
{Heap after GC invocations=128 (full 0):
 garbage-first heap   total 256000K, used 156315K [0x0000000080000000, 0x0000000100000000)
  region size 1024K, 2 young (2048K), 2 survivors (2048K)
 Metaspace       used 131835K, capacity 136308K, committed 136944K, reserved 1169408K
  class space    used 15963K, capacity 17521K, committed 17868K, reserved 1048576K
}
Event: 6832.373 GC heap before
{Heap before GC invocations=128 (full 0):
 garbage-first heap   total 256000K, used 208539K [0x0000000080000000, 0x0000000100000000)
  region size 1024K, 53 young (54272K), 2 survivors (2048K)
 Metaspace       used 131863K, capacity 136330K, committed 136944K, reserved 1169408K
  class space    used 15965K, capacity 17525K, committed 17868K, reserved 1048576K
}
Event: 6832.379 GC heap after
{Heap after GC invocations=129 (full 0):
 garbage-first heap   total 256000K, used 157395K [0x0000000080000000, 0x0000000100000000)
  region size 1024K, 3 young (3072K), 3 survivors (3072K)
 Metaspace       used 131863K, capacity 136330K, committed 136944K, reserved 1169408K
  class space    used 15965K, capacity 17525K, committed 17868K, reserved 1048576K
}
Event: 6832.839 GC heap before
{Heap before GC invocations=130 (full 0):
 garbage-first heap   total 256000K, used 173779K [0x0000000080000000, 0x0000000100000000)
  region size 1024K, 56 young (57344K), 3 survivors (3072K)
 Metaspace       used 131925K, capacity 136428K, committed 136944K, reserved 1169408K
  class space    used 15972K, capacity 17557K, committed 17868K, reserved 1048576K
}
Event: 6832.844 GC heap after
{Heap after GC invocations=131 (full 0):
 garbage-first heap   total 256000K, used 116950K [0x0000000080000000, 0x0000000100000000)
  region size 1024K, 5 young (5120K), 5 survivors (5120K)
 Metaspace       used 131925K, capacity 136428K, committed 136944K, reserved 1169408K
  class space    used 15972K, capacity 17557K, committed 17868K, reserved 1048576K
}
Event: 6832.854 GC heap before
{Heap before GC invocations=131 (full 0):
 garbage-first heap   total 256000K, used 123094K [0x0000000080000000, 0x0000000100000000)
  region size 1024K, 12 young (12288K), 5 survivors (5120K)
 Metaspace       used 131938K, capacity 136437K, committed 136944K, reserved 1169408K
  class space    used 15973K, capacity 17559K, committed 17868K, reserved 1048576K
}
Event: 6832.868 GC heap after
{Heap after GC invocations=132 (full 0):
 garbage-first heap   total 256000K, used 97252K [0x0000000080000000, 0x0000000100000000)
  region size 1024K, 2 young (2048K), 2 survivors (2048K)
 Metaspace       used 131938K, capacity 136437K, committed 136944K, reserved 1169408K
  class space    used 15973K, capacity 17559K, committed 17868K, reserved 1048576K
}
Event: 6832.882 GC heap before
{Heap before GC invocations=132 (full 0):
 garbage-first heap   total 256000K, used 107492K [0x0000000080000000, 0x0000000100000000)
  region size 1024K, 12 young (12288K), 2 survivors (2048K)
 Metaspace       used 131956K, capacity 136437K, committed 136944K, reserved 1169408K
  class space    used 15973K, capacity 17559K, committed 17868K, reserved 1048576K
}
Event: 6832.890 GC heap after
{Heap after GC invocations=133 (full 0):
 garbage-first heap   total 256000K, used 100553K [0x0000000080000000, 0x0000000100000000)
  region size 1024K, 2 young (2048K), 2 survivors (2048K)
 Metaspace       used 131956K, capacity 136437K, committed 136944K, reserved 1169408K
  class space    used 15973K, capacity 17559K, committed 17868K, reserved 1048576K
}
Event: 6833.074 GC heap before
{Heap before GC invocations=133 (full 0):
 garbage-first heap   total 256000K, used 193737K [0x0000000080000000, 0x0000000100000000)
  region size 1024K, 94 young (96256K), 2 survivors (2048K)
 Metaspace       used 132417K, capacity 137046K, committed 137200K, reserved 1169408K
  class space    used 16085K, capacity 17742K, committed 17868K, reserved 1048576K
}
Event: 6833.109 GC heap after
{Heap after GC invocations=134 (full 0):
 garbage-first heap   total 256000K, used 128604K [0x0000000080000000, 0x0000000100000000)
  region size 1024K, 12 young (12288K), 12 survivors (12288K)
 Metaspace       used 132417K, capacity 137046K, committed 137200K, reserved 1169408K
  class space    used 16085K, capacity 17742K, committed 17868K, reserved 1048576K
}
Event: 6833.358 GC heap before
{Heap before GC invocations=135 (full 0):
 garbage-first heap   total 256000K, used 195164K [0x0000000080000000, 0x0000000100000000)
  region size 1024K, 78 young (79872K), 12 survivors (12288K)
 Metaspace       used 132725K, capacity 137375K, committed 137712K, reserved 1169408K
  class space    used 16124K, capacity 17785K, committed 17868K, reserved 1048576K
}
Event: 6833.372 GC heap after
{Heap after GC invocations=136 (full 0):
 garbage-first heap   total 256000K, used 134246K [0x0000000080000000, 0x0000000100000000)
  region size 1024K, 6 young (6144K), 6 survivors (6144K)
 Metaspace       used 132725K, capacity 137375K, committed 137712K, reserved 1169408K
  class space    used 16124K, capacity 17785K, committed 17868K, reserved 1048576K
}
Event: 6833.459 GC heap before
{Heap before GC invocations=136 (full 0):
 garbage-first heap   total 256000K, used 140390K [0x0000000080000000, 0x0000000100000000)
  region size 1024K, 12 young (12288K), 6 survivors (6144K)
 Metaspace       used 132725K, capacity 137375K, committed 137712K, reserved 1169408K
  class space    used 16124K, capacity 17785K, committed 17868K, reserved 1048576K
}

